2018-09-10 21:08:21,374 -[1]|INFO|[App]-[20] - ots_recv_batch    Start
2018-09-10 21:08:35,175 -[1]|INFO|[MainGetMq]-[139] - 主线程 start
2018-09-10 21:08:35,177 -[1]|INFO|[MainGetMq]-[162] - 当前线程数:	1	org.springframework.boot.DefaultApplicationArguments@19ec5357
2018-09-10 21:08:37,507 -[1]|INFO|[App]-[30] - ots_recv_batch    End
2018-09-10 21:08:37,514 -[44]|INFO|[Consumer]-[96] - Consumer ==start== 201807051092545
2018-09-10 21:08:37,666 -[44]|INFO|[MainFlow]-[29] - receive:{loan_belong=null, sys_org_code=null, ln_rate_float_value=null, if_app=null, if_id=null, vou_type=null, ln_rate_base=null, pay_day=null, down_payer=null, sys_company_code=A12, pact_amt=null, lease_product=null, id=20180707111625d1efda0a8af64402, create_date=2018-07-07 11:16:26.0, prdt_name=null, applicant_type=null, down_pay=null, default_rate=null, monthly_pay=null, term_mon=null, apply_province=null, update_date=2018-09-07 11:35:52.0, sign_sales_dep=null, sys_source=null, co_rate=null, acc_limit=null, repayment_periods=null, limit_unit=null, ln_rate=null, repay_freq=null, charge_people_type=null, cust_id=83558b44b09945d79bd3ff340e1e, status=0, apply_amount=null, end_date=null, sales_department=null, batch_id=null, extra_charges=null, into_apply_version=null, poundage_rate=null, loan_formal=null, loan_type=null, down_pay_type=null, cust_source=null, create_by=null, into_date=null, manage_fee_rate=null, charge_fee_remarks=null, pre_pact_no=201807051092545, pay_type=null, term_day=null, app_use=null, ln_rate_type=null, update_by=null, apply_limit=null, apply_age=null, interest_type=null, biz_shop=null, funds_sources=null, loan_need=null, apply_addr=null, rental_mode=null, apply_money_ms=null, is_mortgage=null, ln_rate_float_pct=null, if_pact=null, local_live=null, risk_status=0, proj_no=ALIPAY, product_type=null, prdt_no=J1010100100000000004_2, request_date=null, app_area=null, third_status=2, repay_type=null, platform_status=null, station_type=null, mark_amount=null}
2018-09-10 21:08:37,666 -[44]|INFO|[VarBase]-[442] - ---------  打印Var中变量   start ----------
2018-09-10 21:08:37,667 -[44]|INFO|[VarBase]-[444] - sysdate => 2018-09-10 21:08:37 517
2018-09-10 21:08:37,667 -[44]|INFO|[VarBase]-[444] - autoMap => {mn=HardCodedTarget(type=MoNiFXQ, name=monishujuyuan-server, url=http://monishujuyuan-server), fXQService=HardCodedTarget(type=FXQService, name=host-server-beai, url=http://host-server-beai), bigDataService=com.ots.service.BigDataService@7908313, fPDFeignMayiNotify=HardCodedTarget(type=FPDFeignMayiNotify, name=ots-server-jb, url=http://ots-server-jb), timeOutRetry=com.ots.timeout.TimeOutRetry@2daafc64, fPDFeignmmService=HardCodedTarget(type=FPDFeignMMService, name=host-server-ext-ds, url=http://host-server-ext-ds)}
2018-09-10 21:08:37,667 -[44]|INFO|[VarBase]-[444] - XianChengMing => getter1
2018-09-10 21:08:37,668 -[44]|INFO|[VarBase]-[444] - m => {loan_belong=null, sys_org_code=null, ln_rate_float_value=null, if_app=null, if_id=null, vou_type=null, ln_rate_base=null, pay_day=null, down_payer=null, sys_company_code=A12, pact_amt=null, lease_product=null, id=20180707111625d1efda0a8af64402, create_date=2018-07-07 11:16:26.0, prdt_name=null, applicant_type=null, down_pay=null, default_rate=null, monthly_pay=null, term_mon=null, apply_province=null, update_date=2018-09-07 11:35:52.0, sign_sales_dep=null, sys_source=null, co_rate=null, acc_limit=null, repayment_periods=null, limit_unit=null, ln_rate=null, repay_freq=null, charge_people_type=null, cust_id=83558b44b09945d79bd3ff340e1e, status=0, apply_amount=null, end_date=null, sales_department=null, batch_id=null, extra_charges=null, into_apply_version=null, poundage_rate=null, loan_formal=null, loan_type=null, down_pay_type=null, cust_source=null, create_by=null, into_date=null, manage_fee_rate=null, charge_fee_remarks=null, pre_pact_no=201807051092545, pay_type=null, term_day=null, app_use=null, ln_rate_type=null, update_by=null, apply_limit=null, apply_age=null, interest_type=null, biz_shop=null, funds_sources=null, loan_need=null, apply_addr=null, rental_mode=null, apply_money_ms=null, is_mortgage=null, ln_rate_float_pct=null, if_pact=null, local_live=null, risk_status=0, proj_no=ALIPAY, product_type=null, prdt_no=J1010100100000000004_2, request_date=null, app_area=null, third_status=2, repay_type=null, platform_status=null, station_type=null, mark_amount=null}
2018-09-10 21:08:37,668 -[44]|INFO|[VarBase]-[446] - ---------   打印Var中变量    end ----------
2018-09-10 21:08:37,673 -[44]|INFO|[VTools]-[141] -  1. ======= 反洗钱 begin ==========
2018-09-10 21:08:37,686 -[44]|INFO|[VTools]-[141] - 反洗钱开始
2018-09-10 21:08:37,839 -[44]|INFO|[VarBase]-[442] - ---------  打印Var中变量   start ----------
2018-09-10 21:08:37,839 -[44]|INFO|[VarBase]-[444] - rspcode => 00
2018-09-10 21:08:37,843 -[44]|INFO|[VarBase]-[444] - rspmsg => 成功
2018-09-10 21:08:37,844 -[44]|INFO|[VarBase]-[444] - UserName => admin
2018-09-10 21:08:37,844 -[44]|INFO|[VarBase]-[444] - labelStr => 反洗钱
2018-09-10 21:08:37,844 -[44]|INFO|[VarBase]-[444] - XianChengMing => getter1
2018-09-10 21:08:37,845 -[44]|INFO|[VarBase]-[444] - m => {loan_belong=null, sys_org_code=null, ln_rate_float_value=null, if_app=null, if_id=null, vou_type=null, ln_rate_base=null, pay_day=null, down_payer=null, sys_company_code=A12, pact_amt=null, lease_product=null, id=20180707111625d1efda0a8af64402, create_date=2018-07-07 11:16:26.0, prdt_name=null, applicant_type=null, down_pay=null, default_rate=null, monthly_pay=null, term_mon=null, apply_province=null, update_date=2018-09-07 11:35:52.0, sign_sales_dep=null, sys_source=null, co_rate=null, acc_limit=null, repayment_periods=null, limit_unit=null, ln_rate=null, repay_freq=null, charge_people_type=null, cust_id=83558b44b09945d79bd3ff340e1e, status=0, apply_amount=null, end_date=null, sales_department=null, batch_id=null, extra_charges=null, into_apply_version=null, poundage_rate=null, loan_formal=null, loan_type=null, down_pay_type=null, cust_source=null, create_by=null, into_date=null, manage_fee_rate=null, charge_fee_remarks=null, pre_pact_no=201807051092545, pay_type=null, term_day=null, app_use=null, ln_rate_type=null, update_by=null, apply_limit=null, apply_age=null, interest_type=null, biz_shop=null, funds_sources=null, loan_need=null, apply_addr=null, rental_mode=null, apply_money_ms=null, is_mortgage=null, ln_rate_float_pct=null, if_pact=null, local_live=null, risk_status=0, proj_no=ALIPAY, product_type=null, prdt_no=J1010100100000000004_2, request_date=null, app_area=null, third_status=2, repay_type=null, platform_status=null, station_type=null, mark_amount=null}
2018-09-10 21:08:37,845 -[44]|INFO|[VarBase]-[444] - ZhuangTai => 0
2018-09-10 21:08:37,845 -[44]|INFO|[VarBase]-[444] - sysdate => 2018-09-10 21:08:37 836
2018-09-10 21:08:37,845 -[44]|INFO|[VarBase]-[444] - sqltime => 2018-09-10 21:08:37
2018-09-10 21:08:37,845 -[44]|INFO|[VarBase]-[444] - autoMap => {mn=HardCodedTarget(type=MoNiFXQ, name=monishujuyuan-server, url=http://monishujuyuan-server), fXQService=HardCodedTarget(type=FXQService, name=host-server-beai, url=http://host-server-beai), bigDataService=com.ots.service.BigDataService@7908313, fPDFeignMayiNotify=HardCodedTarget(type=FPDFeignMayiNotify, name=ots-server-jb, url=http://ots-server-jb), timeOutRetry=com.ots.timeout.TimeOutRetry@2daafc64, fPDFeignmmService=HardCodedTarget(type=FPDFeignMMService, name=host-server-ext-ds, url=http://host-server-ext-ds)}
2018-09-10 21:08:37,846 -[44]|INFO|[VarBase]-[444] - t => {abs_beai_sequence={isopen=0, name=beaiseq, increment=1, current_value=1174435}}
2018-09-10 21:08:37,846 -[44]|INFO|[VarBase]-[444] - 决策引擎名称 => 反洗钱
2018-09-10 21:08:37,846 -[44]|INFO|[VarBase]-[444] - 重发参数 => 30,1200,3600
2018-09-10 21:08:37,846 -[44]|INFO|[VarBase]-[444] - KaiShiShiJian => 2018-09-10 21:08:37 686
2018-09-10 21:08:37,846 -[44]|INFO|[VarBase]-[446] - ---------   打印Var中变量    end ----------
2018-09-10 21:08:37,897 -[44]|INFO|[SendAndReceive]-[42] - 获取发送信息成功:["反洗钱"]
2018-09-10 21:08:37,897 -[44]|INFO|[SendAndReceive]-[46] - =============HardCodedTarget(type=MoNiFXQ, name=monishujuyuan-server, url=http://monishujuyuan-server)===============
2018-09-10 21:08:38,966 -[44]|INFO|[SendAndReceive]-[48] - 调用数据源返回:[调用数据源成功，感谢使用！]
2018-09-10 21:08:38,967 -[44]|INFO|[VTools]-[240] - 插入表达式：ShouXinRiZhi[id]{RenWuMingCheng:决策引擎名称,JieShuShiJian:sysdate,InsertTime:sysdate,UpdateTime:myTime)
2018-09-10 21:08:38,967 -[44]|INFO|[VTools]-[247] - 插入操作本次字典: {RenWuMingCheng=决策引擎名称, JieShuShiJian=sysdate, InsertTime=sysdate, UpdateTime=myTime}
2018-09-10 21:08:38,968 -[44]|INFO|[VTools]-[249] - 插入操作全局字典: null
2018-09-10 21:08:38,978 -[44]|INFO|[DbUtil]-[255] - insert SQL:insert into ShouXinRiZhi(JieShuShiJian,UserName,ShouXinDanHao,FaSongBaoWen,ChanPinMingCheng,XianChengMing,JieShouBaoWen,FanHuiMa,InsertTime,ZhuangTai,RenWuMingCheng,UpdateTime,ZhengJianHaoMa,XiangMuBianHao,ShiFouJiXu,KaiShiShiJian) values(?,?,?,?,?,?,?,?,?,?,?,?,?,?,?,?)
2018-09-10 21:08:38,980 -[44]|INFO|[DbUtil]-[266] -  SQL值为：[JieShuShiJian -> 2018-09-10 21:08:38 967, UserName -> admin, ShouXinDanHao -> null, FaSongBaoWen -> null, ChanPinMingCheng -> null, XianChengMing -> getter1, JieShouBaoWen -> null, FanHuiMa -> null, InsertTime -> 2018-09-10 21:08:38 967, ZhuangTai -> 0, RenWuMingCheng -> 反洗钱, UpdateTime -> null, ZhengJianHaoMa -> null, XiangMuBianHao -> null, ShiFouJiXu -> 调用数据源成功，感谢使用！, KaiShiShiJian -> 2018-09-10 21:08:37 686]
2018-09-10 21:08:39,018 -[44]|INFO|[VTools]-[240] - 插入表达式：abs_model_result[id]{ pre_pact_no: t.abs_cust_info_mayi.apply_no, pact_no:'0', reject_reason:'yh001' , model_invoke_reason:'行内黑名单',  create_date:myTime)
2018-09-10 21:08:39,018 -[44]|INFO|[VTools]-[247] - 插入操作本次字典: {pre_pact_no=t.abs_cust_info_mayi.apply_no, pact_no='0', reject_reason='yh001', model_invoke_reason='行内黑名单', create_date=myTime}
2018-09-10 21:08:39,019 -[44]|INFO|[VTools]-[249] - 插入操作全局字典: null
2018-09-10 21:08:39,027 -[44]|INFO|[DbUtil]-[255] - insert SQL:insert into abs_model_result(reject_reason,type,default_ratio,update_date,model_controt_id,sys_source,create_by,proj_no,model_name,pact_no,trim_score,final_proposal,pre_pact_no,total_score,ranking,model_invoke_reason,create_date,update_by) values(?,?,?,?,?,?,?,?,?,?,?,?,?,?,?,?,?,?)
2018-09-10 21:08:39,028 -[44]|INFO|[DbUtil]-[266] -  SQL值为：[reject_reason -> yh001, type -> null, default_ratio -> null, update_date -> null, model_controt_id -> null, sys_source -> null, create_by -> null, proj_no -> null, model_name -> null, pact_no -> 0, trim_score -> null, final_proposal -> null, pre_pact_no -> null, total_score -> null, ranking -> null, model_invoke_reason -> 行内黑名单, create_date -> null, update_by -> null]
2018-09-10 21:08:39,034 -[44]|INFO|[DbUtil]-[89] - 查询出错:com.mysql.jdbc.exceptions.jdbc4.MySQLIntegrityConstraintViolationException: Column 'proj_no' cannot be null
2018-09-10 21:08:39,035 -[44]|INFO|[VTools]-[141] - 反洗钱结束
2018-09-10 21:08:39,037 -[44]|INFO|[VTools]-[141] -  1. ======= 反洗钱 end ==========
2018-09-10 21:08:39,037 -[44]|INFO|[VTools]-[141] -  2. ======= 黑名单 begin ==========
2018-09-10 21:08:39,038 -[44]|INFO|[VTools]-[141] - 黑名单处理开始
2018-09-10 21:08:39,038 -[44]|INFO|[VTools]-[141] - 黑名单处理开始
2018-09-10 21:08:39,040 -[44]|INFO|[VTools]-[240] - 插入表达式：ShouXinRiZhi[id]{RenWuMingCheng:决策引擎名称,JieShuShiJian:sysdate,InsertTime:sysdate,UpdateTime:myTime)
2018-09-10 21:08:39,040 -[44]|INFO|[VTools]-[247] - 插入操作本次字典: {RenWuMingCheng=决策引擎名称, JieShuShiJian=sysdate, InsertTime=sysdate, UpdateTime=myTime}
2018-09-10 21:08:39,040 -[44]|INFO|[VTools]-[249] - 插入操作全局字典: null
2018-09-10 21:08:39,045 -[44]|INFO|[DbUtil]-[255] - insert SQL:insert into ShouXinRiZhi(JieShuShiJian,UserName,ShouXinDanHao,FaSongBaoWen,ChanPinMingCheng,XianChengMing,JieShouBaoWen,FanHuiMa,InsertTime,ZhuangTai,RenWuMingCheng,UpdateTime,ZhengJianHaoMa,XiangMuBianHao,ShiFouJiXu,KaiShiShiJian) values(?,?,?,?,?,?,?,?,?,?,?,?,?,?,?,?)
2018-09-10 21:08:39,046 -[44]|INFO|[DbUtil]-[266] -  SQL值为：[JieShuShiJian -> 2018-09-10 21:08:39 040, UserName -> admin, ShouXinDanHao -> null, FaSongBaoWen -> null, ChanPinMingCheng -> null, XianChengMing -> getter1, JieShouBaoWen -> null, FanHuiMa -> null, InsertTime -> 2018-09-10 21:08:39 040, ZhuangTai -> 0, RenWuMingCheng -> 反洗钱, UpdateTime -> null, ZhengJianHaoMa -> null, XiangMuBianHao -> null, ShiFouJiXu -> 调用数据源成功，感谢使用！, KaiShiShiJian -> 2018-09-10 21:08:37 686]
2018-09-10 21:08:39,053 -[44]|INFO|[VTools]-[240] - 插入表达式：abs_model_result[id]{ pre_pact_no: t.abs_cust_info_mayi.apply_no, pact_no:'0', reject_reason:'yh001' , model_invoke_reason:'黑名单',  create_date:myTime)
2018-09-10 21:08:39,053 -[44]|INFO|[VTools]-[247] - 插入操作本次字典: {pre_pact_no=t.abs_cust_info_mayi.apply_no, pact_no='0', reject_reason='yh001', model_invoke_reason='黑名单', create_date=myTime}
2018-09-10 21:08:39,053 -[44]|INFO|[VTools]-[249] - 插入操作全局字典: null
2018-09-10 21:08:39,059 -[44]|INFO|[DbUtil]-[255] - insert SQL:insert into abs_model_result(reject_reason,type,default_ratio,update_date,model_controt_id,sys_source,create_by,proj_no,model_name,pact_no,trim_score,final_proposal,pre_pact_no,total_score,ranking,model_invoke_reason,create_date,update_by) values(?,?,?,?,?,?,?,?,?,?,?,?,?,?,?,?,?,?)
2018-09-10 21:08:39,059 -[44]|INFO|[DbUtil]-[266] -  SQL值为：[reject_reason -> yh001, type -> null, default_ratio -> null, update_date -> null, model_controt_id -> null, sys_source -> null, create_by -> null, proj_no -> null, model_name -> null, pact_no -> 0, trim_score -> null, final_proposal -> null, pre_pact_no -> null, total_score -> null, ranking -> null, model_invoke_reason -> 黑名单, create_date -> null, update_by -> null]
2018-09-10 21:08:39,064 -[44]|INFO|[DbUtil]-[89] - 查询出错:com.mysql.jdbc.exceptions.jdbc4.MySQLIntegrityConstraintViolationException: Column 'proj_no' cannot be null
2018-09-10 21:08:39,065 -[44]|INFO|[VTools]-[141] - 黑名单处理结束
2018-09-10 21:08:39,067 -[44]|INFO|[VTools]-[141] -  2. ======= 黑名单 end ==========
2018-09-10 21:08:39,067 -[44]|INFO|[VTools]-[141] -  3. ======= 芝麻衍生规则 begin ==========
2018-09-10 21:08:39,068 -[44]|INFO|[VTools]-[141] - 开始发送决策引擎,芝麻衍生规则
2018-09-10 21:08:39,077 -[44]|INFO|[VTools]-[240] - 插入表达式：ShouXinRiZhi[id]{RenWuMingCheng:决策引擎名称,JieShuShiJian:sysdate,InsertTime:sysdate,UpdateTime:myTime)
2018-09-10 21:08:39,077 -[44]|INFO|[VTools]-[247] - 插入操作本次字典: {RenWuMingCheng=决策引擎名称, JieShuShiJian=sysdate, InsertTime=sysdate, UpdateTime=myTime}
2018-09-10 21:08:39,077 -[44]|INFO|[VTools]-[249] - 插入操作全局字典: null
2018-09-10 21:08:39,093 -[44]|INFO|[DbUtil]-[255] - insert SQL:insert into ShouXinRiZhi(JieShuShiJian,UserName,ShouXinDanHao,FaSongBaoWen,ChanPinMingCheng,XianChengMing,JieShouBaoWen,FanHuiMa,InsertTime,ZhuangTai,RenWuMingCheng,UpdateTime,ZhengJianHaoMa,XiangMuBianHao,ShiFouJiXu,KaiShiShiJian) values(?,?,?,?,?,?,?,?,?,?,?,?,?,?,?,?)
2018-09-10 21:08:39,094 -[44]|INFO|[DbUtil]-[266] -  SQL值为：[JieShuShiJian -> 2018-09-10 21:08:39 076, UserName -> admin, ShouXinDanHao -> null, FaSongBaoWen -> null, ChanPinMingCheng -> null, XianChengMing -> getter1, JieShouBaoWen -> null, FanHuiMa -> null, InsertTime -> 2018-09-10 21:08:39 076, ZhuangTai -> 0, RenWuMingCheng -> 反洗钱, UpdateTime -> null, ZhengJianHaoMa -> null, XiangMuBianHao -> null, ShiFouJiXu -> 调用数据源成功，感谢使用！, KaiShiShiJian -> 2018-09-10 21:08:37 686]
2018-09-10 21:08:39,103 -[44]|INFO|[VTools]-[141] - 决策引擎发送结束
2018-09-10 21:08:39,104 -[44]|INFO|[VTools]-[141] -  3. ======= 芝麻衍生规则 end ==========
2018-09-10 21:08:39,104 -[44]|INFO|[VTools]-[141] -  4. ======= 芝麻准入规则 begin ==========
2018-09-10 21:08:39,111 -[44]|INFO|[VTools]-[141] - 开始发送决策引擎,芝麻准入规则
2018-09-10 21:08:39,116 -[44]|INFO|[VTools]-[240] - 插入表达式：ShouXinRiZhi[id]{RenWuMingCheng:决策引擎名称,JieShuShiJian:sysdate,InsertTime:sysdate,UpdateTime:myTime)
2018-09-10 21:08:39,117 -[44]|INFO|[VTools]-[247] - 插入操作本次字典: {RenWuMingCheng=决策引擎名称, JieShuShiJian=sysdate, InsertTime=sysdate, UpdateTime=myTime}
2018-09-10 21:08:39,117 -[44]|INFO|[VTools]-[249] - 插入操作全局字典: null
2018-09-10 21:08:39,134 -[44]|INFO|[DbUtil]-[255] - insert SQL:insert into ShouXinRiZhi(JieShuShiJian,UserName,ShouXinDanHao,FaSongBaoWen,ChanPinMingCheng,XianChengMing,JieShouBaoWen,FanHuiMa,InsertTime,ZhuangTai,RenWuMingCheng,UpdateTime,ZhengJianHaoMa,XiangMuBianHao,ShiFouJiXu,KaiShiShiJian) values(?,?,?,?,?,?,?,?,?,?,?,?,?,?,?,?)
2018-09-10 21:08:39,138 -[44]|INFO|[DbUtil]-[266] -  SQL值为：[JieShuShiJian -> 2018-09-10 21:08:39 116, UserName -> admin, ShouXinDanHao -> null, FaSongBaoWen -> null, ChanPinMingCheng -> null, XianChengMing -> getter1, JieShouBaoWen -> null, FanHuiMa -> null, InsertTime -> 2018-09-10 21:08:39 116, ZhuangTai -> 0, RenWuMingCheng -> 反洗钱, UpdateTime -> null, ZhengJianHaoMa -> null, XiangMuBianHao -> null, ShiFouJiXu -> 调用数据源成功，感谢使用！, KaiShiShiJian -> 2018-09-10 21:08:37 686]
2018-09-10 21:08:39,146 -[44]|INFO|[VTools]-[141] - 决策引擎发送结束
2018-09-10 21:08:39,147 -[44]|INFO|[VTools]-[141] -  4. =======芝麻准入规则 end ==========
2018-09-10 21:08:39,147 -[44]|INFO|[VTools]-[141] -  5. ======= DAS专家评分卡 begin ==========
2018-09-10 21:08:39,147 -[44]|INFO|[VTools]-[141] - 开始发送决策引擎,DAS专家评分卡
2018-09-10 21:08:39,165 -[44]|INFO|[VTools]-[240] - 插入表达式：ShouXinRiZhi[id]{RenWuMingCheng:决策引擎名称,JieShuShiJian:sysdate,InsertTime:sysdate,UpdateTime:myTime)
2018-09-10 21:08:39,166 -[44]|INFO|[VTools]-[247] - 插入操作本次字典: {RenWuMingCheng=决策引擎名称, JieShuShiJian=sysdate, InsertTime=sysdate, UpdateTime=myTime}
2018-09-10 21:08:39,166 -[44]|INFO|[VTools]-[249] - 插入操作全局字典: null
2018-09-10 21:08:39,175 -[44]|INFO|[DbUtil]-[255] - insert SQL:insert into ShouXinRiZhi(JieShuShiJian,UserName,ShouXinDanHao,FaSongBaoWen,ChanPinMingCheng,XianChengMing,JieShouBaoWen,FanHuiMa,InsertTime,ZhuangTai,RenWuMingCheng,UpdateTime,ZhengJianHaoMa,XiangMuBianHao,ShiFouJiXu,KaiShiShiJian) values(?,?,?,?,?,?,?,?,?,?,?,?,?,?,?,?)
2018-09-10 21:08:39,176 -[44]|INFO|[DbUtil]-[266] -  SQL值为：[JieShuShiJian -> 2018-09-10 21:08:39 165, UserName -> admin, ShouXinDanHao -> null, FaSongBaoWen -> null, ChanPinMingCheng -> null, XianChengMing -> getter1, JieShouBaoWen -> null, FanHuiMa -> null, InsertTime -> 2018-09-10 21:08:39 165, ZhuangTai -> 0, RenWuMingCheng -> 反洗钱, UpdateTime -> null, ZhengJianHaoMa -> null, XiangMuBianHao -> null, ShiFouJiXu -> 调用数据源成功，感谢使用！, KaiShiShiJian -> 2018-09-10 21:08:37 686]
2018-09-10 21:08:39,182 -[44]|INFO|[VTools]-[141] - 决策引擎发送结束
2018-09-10 21:08:39,183 -[44]|INFO|[VTools]-[141] -  5. =======DAS专家评分卡 end ==========
2018-09-10 21:08:39,183 -[44]|INFO|[VTools]-[141] -  8. ======= 智帆金科多头查询 begin ==========
2018-09-10 21:08:39,184 -[44]|INFO|[VTools]-[141] - 发送数据源开始
2018-09-10 21:08:39,190 -[44]|INFO|[VTools]-[141] -  8. ======= 智帆金科衍生规则 begin ==========
2018-09-10 21:08:39,190 -[44]|INFO|[VTools]-[141] - 开始发送决策引擎,智帆金科衍生规则
2018-09-10 21:08:39,197 -[44]|INFO|[VTools]-[240] - 插入表达式：ShouXinRiZhi[id]{RenWuMingCheng:决策引擎名称,JieShuShiJian:sysdate,InsertTime:sysdate,UpdateTime:myTime)
2018-09-10 21:08:39,197 -[44]|INFO|[VTools]-[247] - 插入操作本次字典: {RenWuMingCheng=决策引擎名称, JieShuShiJian=sysdate, InsertTime=sysdate, UpdateTime=myTime}
2018-09-10 21:08:39,198 -[44]|INFO|[VTools]-[249] - 插入操作全局字典: null
2018-09-10 21:08:39,212 -[44]|INFO|[DbUtil]-[255] - insert SQL:insert into ShouXinRiZhi(JieShuShiJian,UserName,ShouXinDanHao,FaSongBaoWen,ChanPinMingCheng,XianChengMing,JieShouBaoWen,FanHuiMa,InsertTime,ZhuangTai,RenWuMingCheng,UpdateTime,ZhengJianHaoMa,XiangMuBianHao,ShiFouJiXu,KaiShiShiJian) values(?,?,?,?,?,?,?,?,?,?,?,?,?,?,?,?)
2018-09-10 21:08:39,213 -[44]|INFO|[DbUtil]-[266] -  SQL值为：[JieShuShiJian -> 2018-09-10 21:08:39 197, UserName -> admin, ShouXinDanHao -> null, FaSongBaoWen -> null, ChanPinMingCheng -> null, XianChengMing -> getter1, JieShouBaoWen -> null, FanHuiMa -> null, InsertTime -> 2018-09-10 21:08:39 197, ZhuangTai -> 0, RenWuMingCheng -> 反洗钱, UpdateTime -> null, ZhengJianHaoMa -> null, XiangMuBianHao -> null, ShiFouJiXu -> 调用数据源成功，感谢使用！, KaiShiShiJian -> 2018-09-10 21:08:37 686]
2018-09-10 21:08:39,217 -[44]|INFO|[VTools]-[141] - 决策引擎发送结束
2018-09-10 21:08:39,218 -[44]|INFO|[VTools]-[141] -  3. ======= 智帆金科衍生规则 end ==========
2018-09-10 21:08:39,218 -[44]|INFO|[VTools]-[141] -  8. ======= 智帆金科准入规则 begin ==========
2018-09-10 21:08:39,219 -[44]|INFO|[VTools]-[141] - 开始发送决策引擎,智帆金科准入规则
2018-09-10 21:08:39,224 -[44]|INFO|[VTools]-[240] - 插入表达式：ShouXinRiZhi[id]{RenWuMingCheng:决策引擎名称,JieShuShiJian:sysdate,InsertTime:sysdate,UpdateTime:myTime)
2018-09-10 21:08:39,224 -[44]|INFO|[VTools]-[247] - 插入操作本次字典: {RenWuMingCheng=决策引擎名称, JieShuShiJian=sysdate, InsertTime=sysdate, UpdateTime=myTime}
2018-09-10 21:08:39,224 -[44]|INFO|[VTools]-[249] - 插入操作全局字典: null
2018-09-10 21:08:39,230 -[44]|INFO|[DbUtil]-[255] - insert SQL:insert into ShouXinRiZhi(JieShuShiJian,UserName,ShouXinDanHao,FaSongBaoWen,ChanPinMingCheng,XianChengMing,JieShouBaoWen,FanHuiMa,InsertTime,ZhuangTai,RenWuMingCheng,UpdateTime,ZhengJianHaoMa,XiangMuBianHao,ShiFouJiXu,KaiShiShiJian) values(?,?,?,?,?,?,?,?,?,?,?,?,?,?,?,?)
2018-09-10 21:08:39,231 -[44]|INFO|[DbUtil]-[266] -  SQL值为：[JieShuShiJian -> 2018-09-10 21:08:39 224, UserName -> admin, ShouXinDanHao -> null, FaSongBaoWen -> null, ChanPinMingCheng -> null, XianChengMing -> getter1, JieShouBaoWen -> null, FanHuiMa -> null, InsertTime -> 2018-09-10 21:08:39 224, ZhuangTai -> 0, RenWuMingCheng -> 反洗钱, UpdateTime -> null, ZhengJianHaoMa -> null, XiangMuBianHao -> null, ShiFouJiXu -> 调用数据源成功，感谢使用！, KaiShiShiJian -> 2018-09-10 21:08:37 686]
2018-09-10 21:08:39,239 -[44]|INFO|[VTools]-[141] - 决策引擎发送结束
2018-09-10 21:08:39,239 -[44]|INFO|[VTools]-[141] -  3. ======= 智帆金科准入规则 end ==========
2018-09-10 21:08:39,240 -[44]|INFO|[VTools]-[141] -  9. ======= 额度模型 begin ==========
2018-09-10 21:08:39,240 -[44]|INFO|[VTools]-[141] - 开始发送决策引擎,额度模型
2018-09-10 21:08:39,245 -[44]|INFO|[VTools]-[240] - 插入表达式：ShouXinRiZhi[id]{RenWuMingCheng:决策引擎名称,JieShuShiJian:sysdate,InsertTime:sysdate,UpdateTime:myTime)
2018-09-10 21:08:39,246 -[44]|INFO|[VTools]-[247] - 插入操作本次字典: {RenWuMingCheng=决策引擎名称, JieShuShiJian=sysdate, InsertTime=sysdate, UpdateTime=myTime}
2018-09-10 21:08:39,246 -[44]|INFO|[VTools]-[249] - 插入操作全局字典: null
2018-09-10 21:08:39,252 -[44]|INFO|[DbUtil]-[255] - insert SQL:insert into ShouXinRiZhi(JieShuShiJian,UserName,ShouXinDanHao,FaSongBaoWen,ChanPinMingCheng,XianChengMing,JieShouBaoWen,FanHuiMa,InsertTime,ZhuangTai,RenWuMingCheng,UpdateTime,ZhengJianHaoMa,XiangMuBianHao,ShiFouJiXu,KaiShiShiJian) values(?,?,?,?,?,?,?,?,?,?,?,?,?,?,?,?)
2018-09-10 21:08:39,253 -[44]|INFO|[DbUtil]-[266] -  SQL值为：[JieShuShiJian -> 2018-09-10 21:08:39 245, UserName -> admin, ShouXinDanHao -> null, FaSongBaoWen -> null, ChanPinMingCheng -> null, XianChengMing -> getter1, JieShouBaoWen -> null, FanHuiMa -> null, InsertTime -> 2018-09-10 21:08:39 245, ZhuangTai -> 0, RenWuMingCheng -> 反洗钱, UpdateTime -> null, ZhengJianHaoMa -> null, XiangMuBianHao -> null, ShiFouJiXu -> 调用数据源成功，感谢使用！, KaiShiShiJian -> 2018-09-10 21:08:37 686]
2018-09-10 21:08:39,259 -[44]|INFO|[VTools]-[141] - 决策引擎发送结束
2018-09-10 21:08:39,260 -[44]|INFO|[VTools]-[141] -  3. ======= 额度模型 end ==========
2018-09-10 21:08:39,260 -[44]|INFO|[VTools]-[141] - 开始发送OTS
2018-09-10 21:08:39,261 -[44]|INFO|[VTools]-[240] - 插入表达式：abs_loan_quoto[id]{ apply_no:apply_no, is_admit:r.admit, refuse_code:r.refuseCode, refuse_msg:r.refuseMsg, credit_amt:r.creditAmt, credit_rate:r.creditRate,create_date:myTime, update_date:myTime})
2018-09-10 21:08:39,261 -[44]|INFO|[VTools]-[247] - 插入操作本次字典: {apply_no=apply_no, is_admit=r.admit, refuse_code=r.refuseCode, refuse_msg=r.refuseMsg, credit_amt=r.creditAmt, credit_rate=r.creditRate, create_date=myTime, update_date=myTime}
2018-09-10 21:08:39,261 -[44]|INFO|[VTools]-[249] - 插入操作全局字典: null
2018-09-10 21:08:39,267 -[44]|INFO|[DbUtil]-[255] - insert SQL:insert into abs_loan_quoto(end_date,quota_status,frz_flag,refuse_msg,credit_rate,create_by,rate_quota,sys_company_code,risk_rating,refuse_code,solvency_ratings,used_quota,platform_admit,awark_quota,create_date,update_by,start_date,credit_amt,spare_quota,prod_no,apply_no,frz_quota,is_admit,clear_date,platform_access,platform_refuse_reason,change_result_reason,update_date,credit_no,proj_no,ack_msg,platform_rate,is_agree) values(?,?,?,?,?,?,?,?,?,?,?,?,?,?,?,?,?,?,?,?,?,?,?,?,?,?,?,?,?,?,?,?,?)
2018-09-10 21:08:39,268 -[44]|INFO|[DbUtil]-[266] -  SQL值为：[end_date -> null, quota_status -> null, frz_flag -> null, refuse_msg -> null, credit_rate -> null, create_by -> null, rate_quota -> null, sys_company_code -> null, risk_rating -> null, refuse_code -> null, solvency_ratings -> null, used_quota -> null, platform_admit -> null, awark_quota -> null, create_date -> null, update_by -> null, start_date -> null, credit_amt -> null, spare_quota -> null, prod_no -> null, apply_no -> null, frz_quota -> null, is_admit -> null, clear_date -> null, platform_access -> null, platform_refuse_reason -> null, change_result_reason -> null, update_date -> null, credit_no -> null, proj_no -> null, ack_msg -> null, platform_rate -> null, is_agree -> null]
2018-09-10 21:08:39,270 -[44]|INFO|[DbUtil]-[89] - 查询出错:com.mysql.jdbc.exceptions.jdbc4.MySQLIntegrityConstraintViolationException: Column 'sys_company_code' cannot be null
2018-09-10 21:08:39,271 -[44]|INFO|[VTools]-[240] - 插入表达式：abs_model_result[id]{ pre_pact_no: t.abs_cust_info_mayi.apply_no, total_score:r.totalScore , pact_no:'0', reject_reason:r.reason, model_invoke_reason:isPassed,create_date:myTime)
2018-09-10 21:08:39,271 -[44]|INFO|[VTools]-[247] - 插入操作本次字典: {pre_pact_no=t.abs_cust_info_mayi.apply_no, total_score=r.totalScore, pact_no='0', reject_reason=r.reason, model_invoke_reason=isPassed, create_date=myTime}
2018-09-10 21:08:39,271 -[44]|INFO|[VTools]-[249] - 插入操作全局字典: null
2018-09-10 21:08:39,276 -[44]|INFO|[DbUtil]-[255] - insert SQL:insert into abs_model_result(reject_reason,type,default_ratio,update_date,model_controt_id,sys_source,create_by,proj_no,model_name,pact_no,trim_score,final_proposal,pre_pact_no,total_score,ranking,model_invoke_reason,create_date,update_by) values(?,?,?,?,?,?,?,?,?,?,?,?,?,?,?,?,?,?)
2018-09-10 21:08:39,277 -[44]|INFO|[DbUtil]-[266] -  SQL值为：[reject_reason -> null, type -> null, default_ratio -> null, update_date -> null, model_controt_id -> null, sys_source -> null, create_by -> null, proj_no -> null, model_name -> null, pact_no -> 0, trim_score -> null, final_proposal -> null, pre_pact_no -> null, total_score -> null, ranking -> null, model_invoke_reason -> null, create_date -> null, update_by -> null]
2018-09-10 21:08:39,280 -[44]|INFO|[DbUtil]-[89] - 查询出错:com.mysql.jdbc.exceptions.jdbc4.MySQLIntegrityConstraintViolationException: Column 'proj_no' cannot be null
2018-09-10 21:08:39,281 -[44]|INFO|[VTools]-[240] - 插入表达式：ShouXinRiZhi[id]{RenWuMingCheng:当前任务,JieShuShiJian:sysdate,InsertTime:sysdate,UpdateTime:myTime)
2018-09-10 21:08:39,282 -[44]|INFO|[VTools]-[247] - 插入操作本次字典: {RenWuMingCheng=当前任务, JieShuShiJian=sysdate, InsertTime=sysdate, UpdateTime=myTime}
2018-09-10 21:08:39,282 -[44]|INFO|[VTools]-[249] - 插入操作全局字典: null
2018-09-10 21:08:39,287 -[44]|INFO|[DbUtil]-[255] - insert SQL:insert into ShouXinRiZhi(JieShuShiJian,UserName,ShouXinDanHao,FaSongBaoWen,ChanPinMingCheng,XianChengMing,JieShouBaoWen,FanHuiMa,InsertTime,ZhuangTai,RenWuMingCheng,UpdateTime,ZhengJianHaoMa,XiangMuBianHao,ShiFouJiXu,KaiShiShiJian) values(?,?,?,?,?,?,?,?,?,?,?,?,?,?,?,?)
2018-09-10 21:08:39,288 -[44]|INFO|[DbUtil]-[266] -  SQL值为：[JieShuShiJian -> 2018-09-10 21:08:39 281, UserName -> admin, ShouXinDanHao -> null, FaSongBaoWen -> null, ChanPinMingCheng -> null, XianChengMing -> getter1, JieShouBaoWen -> null, FanHuiMa -> null, InsertTime -> 2018-09-10 21:08:39 281, ZhuangTai -> 0, RenWuMingCheng -> null, UpdateTime -> null, ZhengJianHaoMa -> null, XiangMuBianHao -> null, ShiFouJiXu -> 调用数据源成功，感谢使用！, KaiShiShiJian -> 2018-09-10 21:08:37 686]
2018-09-10 21:08:39,295 -[44]|INFO|[VTools]-[141] - 发送OTS结束
2018-09-10 21:08:39,296 -[44]|INFO|[VTools]-[141] -  10. ======= 发送OTS end ==========
2018-09-10 21:08:39,296 -[44]|INFO|[Consumer]-[103] - Consumer ==end== 201807051092545
2018-09-10 21:08:39,299 -[44]|INFO|[Consumer]-[96] - Consumer ==start== 201807051092538
2018-09-10 21:08:39,299 -[44]|INFO|[MainFlow]-[29] - receive:{loan_belong=null, sys_org_code=null, ln_rate_float_value=null, if_app=null, if_id=null, vou_type=null, ln_rate_base=null, pay_day=null, down_payer=null, sys_company_code=A12, pact_amt=null, lease_product=null, id=20180707111625e1ce8525ebf846c0, create_date=2018-07-07 11:16:26.0, prdt_name=null, applicant_type=null, down_pay=null, default_rate=null, monthly_pay=null, term_mon=null, apply_province=null, update_date=2018-09-07 11:35:52.0, sign_sales_dep=null, sys_source=null, co_rate=null, acc_limit=null, repayment_periods=null, limit_unit=null, ln_rate=null, repay_freq=null, charge_people_type=null, cust_id=f2443b3a53d64628afeb6551657c, status=0, apply_amount=null, end_date=null, sales_department=null, batch_id=null, extra_charges=null, into_apply_version=null, poundage_rate=null, loan_formal=null, loan_type=null, down_pay_type=null, cust_source=null, create_by=null, into_date=null, manage_fee_rate=null, charge_fee_remarks=null, pre_pact_no=201807051092538, pay_type=null, term_day=null, app_use=null, ln_rate_type=null, update_by=null, apply_limit=null, apply_age=null, interest_type=null, biz_shop=null, funds_sources=null, loan_need=null, apply_addr=null, rental_mode=null, apply_money_ms=null, is_mortgage=null, ln_rate_float_pct=null, if_pact=null, local_live=null, risk_status=0, proj_no=ALIPAY, product_type=null, prdt_no=J1010100100000000004_2, request_date=null, app_area=null, third_status=2, repay_type=null, platform_status=null, station_type=null, mark_amount=null}
2018-09-10 21:08:39,300 -[44]|INFO|[VarBase]-[442] - ---------  打印Var中变量   start ----------
2018-09-10 21:08:39,300 -[44]|INFO|[VarBase]-[444] - XianChengMing => false
2018-09-10 21:08:39,300 -[44]|INFO|[VarBase]-[444] - m => {loan_belong=null, sys_org_code=null, ln_rate_float_value=null, if_app=null, if_id=null, vou_type=null, ln_rate_base=null, pay_day=null, down_payer=null, sys_company_code=A12, pact_amt=null, lease_product=null, id=20180707111625e1ce8525ebf846c0, create_date=2018-07-07 11:16:26.0, prdt_name=null, applicant_type=null, down_pay=null, default_rate=null, monthly_pay=null, term_mon=null, apply_province=null, update_date=2018-09-07 11:35:52.0, sign_sales_dep=null, sys_source=null, co_rate=null, acc_limit=null, repayment_periods=null, limit_unit=null, ln_rate=null, repay_freq=null, charge_people_type=null, cust_id=f2443b3a53d64628afeb6551657c, status=0, apply_amount=null, end_date=null, sales_department=null, batch_id=null, extra_charges=null, into_apply_version=null, poundage_rate=null, loan_formal=null, loan_type=null, down_pay_type=null, cust_source=null, create_by=null, into_date=null, manage_fee_rate=null, charge_fee_remarks=null, pre_pact_no=201807051092538, pay_type=null, term_day=null, app_use=null, ln_rate_type=null, update_by=null, apply_limit=null, apply_age=null, interest_type=null, biz_shop=null, funds_sources=null, loan_need=null, apply_addr=null, rental_mode=null, apply_money_ms=null, is_mortgage=null, ln_rate_float_pct=null, if_pact=null, local_live=null, risk_status=0, proj_no=ALIPAY, product_type=null, prdt_no=J1010100100000000004_2, request_date=null, app_area=null, third_status=2, repay_type=null, platform_status=null, station_type=null, mark_amount=null}
2018-09-10 21:08:39,300 -[44]|INFO|[VarBase]-[444] - sysdate => 2018-09-10 21:08:39 299
2018-09-10 21:08:39,300 -[44]|INFO|[VarBase]-[444] - autoMap => {mn=HardCodedTarget(type=MoNiFXQ, name=monishujuyuan-server, url=http://monishujuyuan-server), fXQService=HardCodedTarget(type=FXQService, name=host-server-beai, url=http://host-server-beai), bigDataService=com.ots.service.BigDataService@7908313, fPDFeignMayiNotify=HardCodedTarget(type=FPDFeignMayiNotify, name=ots-server-jb, url=http://ots-server-jb), timeOutRetry=com.ots.timeout.TimeOutRetry@2daafc64, fPDFeignmmService=HardCodedTarget(type=FPDFeignMMService, name=host-server-ext-ds, url=http://host-server-ext-ds)}
2018-09-10 21:08:39,301 -[44]|INFO|[VarBase]-[446] - ---------   打印Var中变量    end ----------
2018-09-10 21:08:39,301 -[44]|INFO|[VTools]-[141] -  1. ======= 反洗钱 begin ==========
2018-09-10 21:08:39,334 -[44]|INFO|[VTools]-[141] - 反洗钱开始
2018-09-10 21:08:39,338 -[44]|INFO|[VarBase]-[442] - ---------  打印Var中变量   start ----------
2018-09-10 21:08:39,338 -[44]|INFO|[VarBase]-[444] - rspcode => 00
2018-09-10 21:08:39,338 -[44]|INFO|[VarBase]-[444] - rspmsg => 成功
2018-09-10 21:08:39,338 -[44]|INFO|[VarBase]-[444] - UserName => admin
2018-09-10 21:08:39,338 -[44]|INFO|[VarBase]-[444] - labelStr => 反洗钱
2018-09-10 21:08:39,339 -[44]|INFO|[VarBase]-[444] - XianChengMing => false
2018-09-10 21:08:39,339 -[44]|INFO|[VarBase]-[444] - m => {loan_belong=null, sys_org_code=null, ln_rate_float_value=null, if_app=null, if_id=null, vou_type=null, ln_rate_base=null, pay_day=null, down_payer=null, sys_company_code=A12, pact_amt=null, lease_product=null, id=20180707111625e1ce8525ebf846c0, create_date=2018-07-07 11:16:26.0, prdt_name=null, applicant_type=null, down_pay=null, default_rate=null, monthly_pay=null, term_mon=null, apply_province=null, update_date=2018-09-07 11:35:52.0, sign_sales_dep=null, sys_source=null, co_rate=null, acc_limit=null, repayment_periods=null, limit_unit=null, ln_rate=null, repay_freq=null, charge_people_type=null, cust_id=f2443b3a53d64628afeb6551657c, status=0, apply_amount=null, end_date=null, sales_department=null, batch_id=null, extra_charges=null, into_apply_version=null, poundage_rate=null, loan_formal=null, loan_type=null, down_pay_type=null, cust_source=null, create_by=null, into_date=null, manage_fee_rate=null, charge_fee_remarks=null, pre_pact_no=201807051092538, pay_type=null, term_day=null, app_use=null, ln_rate_type=null, update_by=null, apply_limit=null, apply_age=null, interest_type=null, biz_shop=null, funds_sources=null, loan_need=null, apply_addr=null, rental_mode=null, apply_money_ms=null, is_mortgage=null, ln_rate_float_pct=null, if_pact=null, local_live=null, risk_status=0, proj_no=ALIPAY, product_type=null, prdt_no=J1010100100000000004_2, request_date=null, app_area=null, third_status=2, repay_type=null, platform_status=null, station_type=null, mark_amount=null}
2018-09-10 21:08:39,339 -[44]|INFO|[VarBase]-[444] - ZhuangTai => 0
2018-09-10 21:08:39,339 -[44]|INFO|[VarBase]-[444] - sysdate => 2018-09-10 21:08:39 338
2018-09-10 21:08:39,339 -[44]|INFO|[VarBase]-[444] - sqltime => 2018-09-10 21:08:39
2018-09-10 21:08:39,339 -[44]|INFO|[VarBase]-[444] - autoMap => {mn=HardCodedTarget(type=MoNiFXQ, name=monishujuyuan-server, url=http://monishujuyuan-server), fXQService=HardCodedTarget(type=FXQService, name=host-server-beai, url=http://host-server-beai), bigDataService=com.ots.service.BigDataService@7908313, fPDFeignMayiNotify=HardCodedTarget(type=FPDFeignMayiNotify, name=ots-server-jb, url=http://ots-server-jb), timeOutRetry=com.ots.timeout.TimeOutRetry@2daafc64, fPDFeignmmService=HardCodedTarget(type=FPDFeignMMService, name=host-server-ext-ds, url=http://host-server-ext-ds)}
2018-09-10 21:08:39,339 -[44]|INFO|[VarBase]-[444] - t => {abs_beai_sequence={isopen=0, name=beaiseq, increment=1, current_value=1174435}}
2018-09-10 21:08:39,340 -[44]|INFO|[VarBase]-[444] - 决策引擎名称 => 反洗钱
2018-09-10 21:08:39,340 -[44]|INFO|[VarBase]-[444] - 重发参数 => 30,1200,3600
2018-09-10 21:08:39,340 -[44]|INFO|[VarBase]-[444] - KaiShiShiJian => 2018-09-10 21:08:39 334
2018-09-10 21:08:39,340 -[44]|INFO|[VarBase]-[446] - ---------   打印Var中变量    end ----------
2018-09-10 21:08:39,340 -[44]|INFO|[SendAndReceive]-[42] - 获取发送信息成功:["反洗钱"]
2018-09-10 21:08:39,341 -[44]|INFO|[SendAndReceive]-[46] - =============HardCodedTarget(type=MoNiFXQ, name=monishujuyuan-server, url=http://monishujuyuan-server)===============
2018-09-10 21:08:39,366 -[44]|INFO|[SendAndReceive]-[48] - 调用数据源返回:[调用数据源成功，感谢使用！]
2018-09-10 21:08:39,367 -[44]|INFO|[VTools]-[240] - 插入表达式：ShouXinRiZhi[id]{RenWuMingCheng:决策引擎名称,JieShuShiJian:sysdate,InsertTime:sysdate,UpdateTime:myTime)
2018-09-10 21:08:39,367 -[44]|INFO|[VTools]-[247] - 插入操作本次字典: {RenWuMingCheng=决策引擎名称, JieShuShiJian=sysdate, InsertTime=sysdate, UpdateTime=myTime}
2018-09-10 21:08:39,367 -[44]|INFO|[VTools]-[249] - 插入操作全局字典: null
2018-09-10 21:08:39,374 -[44]|INFO|[DbUtil]-[255] - insert SQL:insert into ShouXinRiZhi(JieShuShiJian,UserName,ShouXinDanHao,FaSongBaoWen,ChanPinMingCheng,XianChengMing,JieShouBaoWen,FanHuiMa,InsertTime,ZhuangTai,RenWuMingCheng,UpdateTime,ZhengJianHaoMa,XiangMuBianHao,ShiFouJiXu,KaiShiShiJian) values(?,?,?,?,?,?,?,?,?,?,?,?,?,?,?,?)
2018-09-10 21:08:39,375 -[44]|INFO|[DbUtil]-[266] -  SQL值为：[JieShuShiJian -> 2018-09-10 21:08:39 367, UserName -> admin, ShouXinDanHao -> null, FaSongBaoWen -> null, ChanPinMingCheng -> null, XianChengMing -> false, JieShouBaoWen -> null, FanHuiMa -> null, InsertTime -> 2018-09-10 21:08:39 367, ZhuangTai -> 0, RenWuMingCheng -> 反洗钱, UpdateTime -> null, ZhengJianHaoMa -> null, XiangMuBianHao -> null, ShiFouJiXu -> 调用数据源成功，感谢使用！, KaiShiShiJian -> 2018-09-10 21:08:39 334]
2018-09-10 21:08:39,390 -[44]|INFO|[VTools]-[240] - 插入表达式：abs_model_result[id]{ pre_pact_no: t.abs_cust_info_mayi.apply_no, pact_no:'0', reject_reason:'yh001' , model_invoke_reason:'行内黑名单',  create_date:myTime)
2018-09-10 21:08:39,391 -[44]|INFO|[VTools]-[247] - 插入操作本次字典: {pre_pact_no=t.abs_cust_info_mayi.apply_no, pact_no='0', reject_reason='yh001', model_invoke_reason='行内黑名单', create_date=myTime}
2018-09-10 21:08:39,392 -[44]|INFO|[VTools]-[249] - 插入操作全局字典: null
2018-09-10 21:08:39,415 -[44]|INFO|[DbUtil]-[255] - insert SQL:insert into abs_model_result(reject_reason,type,default_ratio,update_date,model_controt_id,sys_source,create_by,proj_no,model_name,pact_no,trim_score,final_proposal,pre_pact_no,total_score,ranking,model_invoke_reason,create_date,update_by) values(?,?,?,?,?,?,?,?,?,?,?,?,?,?,?,?,?,?)
2018-09-10 21:08:39,416 -[44]|INFO|[DbUtil]-[266] -  SQL值为：[reject_reason -> yh001, type -> null, default_ratio -> null, update_date -> null, model_controt_id -> null, sys_source -> null, create_by -> null, proj_no -> null, model_name -> null, pact_no -> 0, trim_score -> null, final_proposal -> null, pre_pact_no -> null, total_score -> null, ranking -> null, model_invoke_reason -> 行内黑名单, create_date -> null, update_by -> null]
2018-09-10 21:08:39,427 -[44]|INFO|[DbUtil]-[89] - 查询出错:com.mysql.jdbc.exceptions.jdbc4.MySQLIntegrityConstraintViolationException: Column 'proj_no' cannot be null
2018-09-10 21:08:39,429 -[44]|INFO|[VTools]-[141] - 反洗钱结束
2018-09-10 21:08:39,431 -[44]|INFO|[VTools]-[141] -  1. ======= 反洗钱 end ==========
2018-09-10 21:08:39,431 -[44]|INFO|[VTools]-[141] -  2. ======= 黑名单 begin ==========
2018-09-10 21:08:39,431 -[44]|INFO|[VTools]-[141] - 黑名单处理开始
2018-09-10 21:08:39,432 -[44]|INFO|[VTools]-[141] - 黑名单处理开始
2018-09-10 21:08:39,435 -[44]|INFO|[VTools]-[240] - 插入表达式：ShouXinRiZhi[id]{RenWuMingCheng:决策引擎名称,JieShuShiJian:sysdate,InsertTime:sysdate,UpdateTime:myTime)
2018-09-10 21:08:39,435 -[44]|INFO|[VTools]-[247] - 插入操作本次字典: {RenWuMingCheng=决策引擎名称, JieShuShiJian=sysdate, InsertTime=sysdate, UpdateTime=myTime}
2018-09-10 21:08:39,435 -[44]|INFO|[VTools]-[249] - 插入操作全局字典: null
2018-09-10 21:08:39,450 -[44]|INFO|[DbUtil]-[255] - insert SQL:insert into ShouXinRiZhi(JieShuShiJian,UserName,ShouXinDanHao,FaSongBaoWen,ChanPinMingCheng,XianChengMing,JieShouBaoWen,FanHuiMa,InsertTime,ZhuangTai,RenWuMingCheng,UpdateTime,ZhengJianHaoMa,XiangMuBianHao,ShiFouJiXu,KaiShiShiJian) values(?,?,?,?,?,?,?,?,?,?,?,?,?,?,?,?)
2018-09-10 21:08:39,453 -[44]|INFO|[DbUtil]-[266] -  SQL值为：[JieShuShiJian -> 2018-09-10 21:08:39 434, UserName -> admin, ShouXinDanHao -> null, FaSongBaoWen -> null, ChanPinMingCheng -> null, XianChengMing -> false, JieShouBaoWen -> null, FanHuiMa -> null, InsertTime -> 2018-09-10 21:08:39 434, ZhuangTai -> 0, RenWuMingCheng -> 反洗钱, UpdateTime -> null, ZhengJianHaoMa -> null, XiangMuBianHao -> null, ShiFouJiXu -> 调用数据源成功，感谢使用！, KaiShiShiJian -> 2018-09-10 21:08:39 334]
2018-09-10 21:08:39,463 -[44]|INFO|[VTools]-[240] - 插入表达式：abs_model_result[id]{ pre_pact_no: t.abs_cust_info_mayi.apply_no, pact_no:'0', reject_reason:'yh001' , model_invoke_reason:'黑名单',  create_date:myTime)
2018-09-10 21:08:39,464 -[44]|INFO|[VTools]-[247] - 插入操作本次字典: {pre_pact_no=t.abs_cust_info_mayi.apply_no, pact_no='0', reject_reason='yh001', model_invoke_reason='黑名单', create_date=myTime}
2018-09-10 21:08:39,467 -[44]|INFO|[VTools]-[249] - 插入操作全局字典: null
2018-09-10 21:08:39,474 -[44]|INFO|[DbUtil]-[255] - insert SQL:insert into abs_model_result(reject_reason,type,default_ratio,update_date,model_controt_id,sys_source,create_by,proj_no,model_name,pact_no,trim_score,final_proposal,pre_pact_no,total_score,ranking,model_invoke_reason,create_date,update_by) values(?,?,?,?,?,?,?,?,?,?,?,?,?,?,?,?,?,?)
2018-09-10 21:08:39,474 -[44]|INFO|[DbUtil]-[266] -  SQL值为：[reject_reason -> yh001, type -> null, default_ratio -> null, update_date -> null, model_controt_id -> null, sys_source -> null, create_by -> null, proj_no -> null, model_name -> null, pact_no -> 0, trim_score -> null, final_proposal -> null, pre_pact_no -> null, total_score -> null, ranking -> null, model_invoke_reason -> 黑名单, create_date -> null, update_by -> null]
2018-09-10 21:08:39,477 -[44]|INFO|[DbUtil]-[89] - 查询出错:com.mysql.jdbc.exceptions.jdbc4.MySQLIntegrityConstraintViolationException: Column 'proj_no' cannot be null
2018-09-10 21:08:39,478 -[44]|INFO|[VTools]-[141] - 黑名单处理结束
2018-09-10 21:08:39,480 -[44]|INFO|[VTools]-[141] -  2. ======= 黑名单 end ==========
2018-09-10 21:08:39,480 -[44]|INFO|[VTools]-[141] -  3. ======= 芝麻衍生规则 begin ==========
2018-09-10 21:08:39,481 -[44]|INFO|[VTools]-[141] - 开始发送决策引擎,芝麻衍生规则
2018-09-10 21:08:39,497 -[44]|INFO|[VTools]-[240] - 插入表达式：ShouXinRiZhi[id]{RenWuMingCheng:决策引擎名称,JieShuShiJian:sysdate,InsertTime:sysdate,UpdateTime:myTime)
2018-09-10 21:08:39,497 -[44]|INFO|[VTools]-[247] - 插入操作本次字典: {RenWuMingCheng=决策引擎名称, JieShuShiJian=sysdate, InsertTime=sysdate, UpdateTime=myTime}
2018-09-10 21:08:39,498 -[44]|INFO|[VTools]-[249] - 插入操作全局字典: null
2018-09-10 21:08:39,508 -[44]|INFO|[DbUtil]-[255] - insert SQL:insert into ShouXinRiZhi(JieShuShiJian,UserName,ShouXinDanHao,FaSongBaoWen,ChanPinMingCheng,XianChengMing,JieShouBaoWen,FanHuiMa,InsertTime,ZhuangTai,RenWuMingCheng,UpdateTime,ZhengJianHaoMa,XiangMuBianHao,ShiFouJiXu,KaiShiShiJian) values(?,?,?,?,?,?,?,?,?,?,?,?,?,?,?,?)
2018-09-10 21:08:39,508 -[44]|INFO|[DbUtil]-[266] -  SQL值为：[JieShuShiJian -> 2018-09-10 21:08:39 496, UserName -> admin, ShouXinDanHao -> null, FaSongBaoWen -> null, ChanPinMingCheng -> null, XianChengMing -> false, JieShouBaoWen -> null, FanHuiMa -> null, InsertTime -> 2018-09-10 21:08:39 496, ZhuangTai -> 0, RenWuMingCheng -> 反洗钱, UpdateTime -> null, ZhengJianHaoMa -> null, XiangMuBianHao -> null, ShiFouJiXu -> 调用数据源成功，感谢使用！, KaiShiShiJian -> 2018-09-10 21:08:39 334]
2018-09-10 21:08:39,517 -[44]|INFO|[VTools]-[141] - 决策引擎发送结束
2018-09-10 21:08:39,517 -[44]|INFO|[VTools]-[141] -  3. ======= 芝麻衍生规则 end ==========
2018-09-10 21:08:39,517 -[44]|INFO|[VTools]-[141] -  4. ======= 芝麻准入规则 begin ==========
2018-09-10 21:08:39,518 -[44]|INFO|[VTools]-[141] - 开始发送决策引擎,芝麻准入规则
2018-09-10 21:08:39,526 -[44]|INFO|[VTools]-[240] - 插入表达式：ShouXinRiZhi[id]{RenWuMingCheng:决策引擎名称,JieShuShiJian:sysdate,InsertTime:sysdate,UpdateTime:myTime)
2018-09-10 21:08:39,526 -[44]|INFO|[VTools]-[247] - 插入操作本次字典: {RenWuMingCheng=决策引擎名称, JieShuShiJian=sysdate, InsertTime=sysdate, UpdateTime=myTime}
2018-09-10 21:08:39,526 -[44]|INFO|[VTools]-[249] - 插入操作全局字典: null
2018-09-10 21:08:39,534 -[44]|INFO|[DbUtil]-[255] - insert SQL:insert into ShouXinRiZhi(JieShuShiJian,UserName,ShouXinDanHao,FaSongBaoWen,ChanPinMingCheng,XianChengMing,JieShouBaoWen,FanHuiMa,InsertTime,ZhuangTai,RenWuMingCheng,UpdateTime,ZhengJianHaoMa,XiangMuBianHao,ShiFouJiXu,KaiShiShiJian) values(?,?,?,?,?,?,?,?,?,?,?,?,?,?,?,?)
2018-09-10 21:08:39,534 -[44]|INFO|[DbUtil]-[266] -  SQL值为：[JieShuShiJian -> 2018-09-10 21:08:39 525, UserName -> admin, ShouXinDanHao -> null, FaSongBaoWen -> null, ChanPinMingCheng -> null, XianChengMing -> false, JieShouBaoWen -> null, FanHuiMa -> null, InsertTime -> 2018-09-10 21:08:39 525, ZhuangTai -> 0, RenWuMingCheng -> 反洗钱, UpdateTime -> null, ZhengJianHaoMa -> null, XiangMuBianHao -> null, ShiFouJiXu -> 调用数据源成功，感谢使用！, KaiShiShiJian -> 2018-09-10 21:08:39 334]
2018-09-10 21:08:39,541 -[44]|INFO|[VTools]-[141] - 决策引擎发送结束
2018-09-10 21:08:39,542 -[44]|INFO|[VTools]-[141] -  4. =======芝麻准入规则 end ==========
2018-09-10 21:08:39,542 -[44]|INFO|[VTools]-[141] -  5. ======= DAS专家评分卡 begin ==========
2018-09-10 21:08:39,547 -[44]|INFO|[VTools]-[141] - 开始发送决策引擎,DAS专家评分卡
2018-09-10 21:08:39,552 -[44]|INFO|[VTools]-[240] - 插入表达式：ShouXinRiZhi[id]{RenWuMingCheng:决策引擎名称,JieShuShiJian:sysdate,InsertTime:sysdate,UpdateTime:myTime)
2018-09-10 21:08:39,553 -[44]|INFO|[VTools]-[247] - 插入操作本次字典: {RenWuMingCheng=决策引擎名称, JieShuShiJian=sysdate, InsertTime=sysdate, UpdateTime=myTime}
2018-09-10 21:08:39,553 -[44]|INFO|[VTools]-[249] - 插入操作全局字典: null
2018-09-10 21:08:39,562 -[44]|INFO|[DbUtil]-[255] - insert SQL:insert into ShouXinRiZhi(JieShuShiJian,UserName,ShouXinDanHao,FaSongBaoWen,ChanPinMingCheng,XianChengMing,JieShouBaoWen,FanHuiMa,InsertTime,ZhuangTai,RenWuMingCheng,UpdateTime,ZhengJianHaoMa,XiangMuBianHao,ShiFouJiXu,KaiShiShiJian) values(?,?,?,?,?,?,?,?,?,?,?,?,?,?,?,?)
2018-09-10 21:08:39,562 -[44]|INFO|[DbUtil]-[266] -  SQL值为：[JieShuShiJian -> 2018-09-10 21:08:39 552, UserName -> admin, ShouXinDanHao -> null, FaSongBaoWen -> null, ChanPinMingCheng -> null, XianChengMing -> false, JieShouBaoWen -> null, FanHuiMa -> null, InsertTime -> 2018-09-10 21:08:39 552, ZhuangTai -> 0, RenWuMingCheng -> 反洗钱, UpdateTime -> null, ZhengJianHaoMa -> null, XiangMuBianHao -> null, ShiFouJiXu -> 调用数据源成功，感谢使用！, KaiShiShiJian -> 2018-09-10 21:08:39 334]
2018-09-10 21:08:39,573 -[44]|INFO|[VTools]-[141] - 决策引擎发送结束
2018-09-10 21:08:39,574 -[44]|INFO|[VTools]-[141] -  5. =======DAS专家评分卡 end ==========
2018-09-10 21:08:39,577 -[44]|INFO|[VTools]-[141] -  8. ======= 智帆金科多头查询 begin ==========
2018-09-10 21:08:39,578 -[44]|INFO|[VTools]-[141] - 发送数据源开始
2018-09-10 21:08:39,586 -[44]|INFO|[VTools]-[141] -  8. ======= 智帆金科衍生规则 begin ==========
2018-09-10 21:08:39,588 -[44]|INFO|[VTools]-[141] - 开始发送决策引擎,智帆金科衍生规则
2018-09-10 21:08:39,592 -[44]|INFO|[VTools]-[240] - 插入表达式：ShouXinRiZhi[id]{RenWuMingCheng:决策引擎名称,JieShuShiJian:sysdate,InsertTime:sysdate,UpdateTime:myTime)
2018-09-10 21:08:39,592 -[44]|INFO|[VTools]-[247] - 插入操作本次字典: {RenWuMingCheng=决策引擎名称, JieShuShiJian=sysdate, InsertTime=sysdate, UpdateTime=myTime}
2018-09-10 21:08:39,592 -[44]|INFO|[VTools]-[249] - 插入操作全局字典: null
2018-09-10 21:08:39,596 -[44]|INFO|[DbUtil]-[255] - insert SQL:insert into ShouXinRiZhi(JieShuShiJian,UserName,ShouXinDanHao,FaSongBaoWen,ChanPinMingCheng,XianChengMing,JieShouBaoWen,FanHuiMa,InsertTime,ZhuangTai,RenWuMingCheng,UpdateTime,ZhengJianHaoMa,XiangMuBianHao,ShiFouJiXu,KaiShiShiJian) values(?,?,?,?,?,?,?,?,?,?,?,?,?,?,?,?)
2018-09-10 21:08:39,597 -[44]|INFO|[DbUtil]-[266] -  SQL值为：[JieShuShiJian -> 2018-09-10 21:08:39 592, UserName -> admin, ShouXinDanHao -> null, FaSongBaoWen -> null, ChanPinMingCheng -> null, XianChengMing -> false, JieShouBaoWen -> null, FanHuiMa -> null, InsertTime -> 2018-09-10 21:08:39 592, ZhuangTai -> 0, RenWuMingCheng -> 反洗钱, UpdateTime -> null, ZhengJianHaoMa -> null, XiangMuBianHao -> null, ShiFouJiXu -> 调用数据源成功，感谢使用！, KaiShiShiJian -> 2018-09-10 21:08:39 334]
2018-09-10 21:08:39,604 -[44]|INFO|[VTools]-[141] - 决策引擎发送结束
2018-09-10 21:08:39,605 -[44]|INFO|[VTools]-[141] -  3. ======= 智帆金科衍生规则 end ==========
2018-09-10 21:08:39,605 -[44]|INFO|[VTools]-[141] -  8. ======= 智帆金科准入规则 begin ==========
2018-09-10 21:08:39,606 -[44]|INFO|[VTools]-[141] - 开始发送决策引擎,智帆金科准入规则
2018-09-10 21:08:39,618 -[44]|INFO|[VTools]-[240] - 插入表达式：ShouXinRiZhi[id]{RenWuMingCheng:决策引擎名称,JieShuShiJian:sysdate,InsertTime:sysdate,UpdateTime:myTime)
2018-09-10 21:08:39,618 -[44]|INFO|[VTools]-[247] - 插入操作本次字典: {RenWuMingCheng=决策引擎名称, JieShuShiJian=sysdate, InsertTime=sysdate, UpdateTime=myTime}
2018-09-10 21:08:39,618 -[44]|INFO|[VTools]-[249] - 插入操作全局字典: null
2018-09-10 21:08:39,629 -[44]|INFO|[DbUtil]-[255] - insert SQL:insert into ShouXinRiZhi(JieShuShiJian,UserName,ShouXinDanHao,FaSongBaoWen,ChanPinMingCheng,XianChengMing,JieShouBaoWen,FanHuiMa,InsertTime,ZhuangTai,RenWuMingCheng,UpdateTime,ZhengJianHaoMa,XiangMuBianHao,ShiFouJiXu,KaiShiShiJian) values(?,?,?,?,?,?,?,?,?,?,?,?,?,?,?,?)
2018-09-10 21:08:39,630 -[44]|INFO|[DbUtil]-[266] -  SQL值为：[JieShuShiJian -> 2018-09-10 21:08:39 618, UserName -> admin, ShouXinDanHao -> null, FaSongBaoWen -> null, ChanPinMingCheng -> null, XianChengMing -> false, JieShouBaoWen -> null, FanHuiMa -> null, InsertTime -> 2018-09-10 21:08:39 618, ZhuangTai -> 0, RenWuMingCheng -> 反洗钱, UpdateTime -> null, ZhengJianHaoMa -> null, XiangMuBianHao -> null, ShiFouJiXu -> 调用数据源成功，感谢使用！, KaiShiShiJian -> 2018-09-10 21:08:39 334]
2018-09-10 21:08:39,636 -[44]|INFO|[VTools]-[141] - 决策引擎发送结束
2018-09-10 21:08:39,636 -[44]|INFO|[VTools]-[141] -  3. ======= 智帆金科准入规则 end ==========
2018-09-10 21:08:39,637 -[44]|INFO|[VTools]-[141] -  9. ======= 额度模型 begin ==========
2018-09-10 21:08:39,637 -[44]|INFO|[VTools]-[141] - 开始发送决策引擎,额度模型
2018-09-10 21:08:39,642 -[44]|INFO|[VTools]-[240] - 插入表达式：ShouXinRiZhi[id]{RenWuMingCheng:决策引擎名称,JieShuShiJian:sysdate,InsertTime:sysdate,UpdateTime:myTime)
2018-09-10 21:08:39,642 -[44]|INFO|[VTools]-[247] - 插入操作本次字典: {RenWuMingCheng=决策引擎名称, JieShuShiJian=sysdate, InsertTime=sysdate, UpdateTime=myTime}
2018-09-10 21:08:39,642 -[44]|INFO|[VTools]-[249] - 插入操作全局字典: null
2018-09-10 21:08:39,650 -[44]|INFO|[DbUtil]-[255] - insert SQL:insert into ShouXinRiZhi(JieShuShiJian,UserName,ShouXinDanHao,FaSongBaoWen,ChanPinMingCheng,XianChengMing,JieShouBaoWen,FanHuiMa,InsertTime,ZhuangTai,RenWuMingCheng,UpdateTime,ZhengJianHaoMa,XiangMuBianHao,ShiFouJiXu,KaiShiShiJian) values(?,?,?,?,?,?,?,?,?,?,?,?,?,?,?,?)
2018-09-10 21:08:39,652 -[44]|INFO|[DbUtil]-[266] -  SQL值为：[JieShuShiJian -> 2018-09-10 21:08:39 642, UserName -> admin, ShouXinDanHao -> null, FaSongBaoWen -> null, ChanPinMingCheng -> null, XianChengMing -> false, JieShouBaoWen -> null, FanHuiMa -> null, InsertTime -> 2018-09-10 21:08:39 642, ZhuangTai -> 0, RenWuMingCheng -> 反洗钱, UpdateTime -> null, ZhengJianHaoMa -> null, XiangMuBianHao -> null, ShiFouJiXu -> 调用数据源成功，感谢使用！, KaiShiShiJian -> 2018-09-10 21:08:39 334]
2018-09-10 21:08:39,656 -[44]|INFO|[VTools]-[141] - 决策引擎发送结束
2018-09-10 21:08:39,657 -[44]|INFO|[VTools]-[141] -  3. ======= 额度模型 end ==========
2018-09-10 21:08:39,657 -[44]|INFO|[VTools]-[141] - 开始发送OTS
2018-09-10 21:08:39,658 -[44]|INFO|[VTools]-[240] - 插入表达式：abs_loan_quoto[id]{ apply_no:apply_no, is_admit:r.admit, refuse_code:r.refuseCode, refuse_msg:r.refuseMsg, credit_amt:r.creditAmt, credit_rate:r.creditRate,create_date:myTime, update_date:myTime})
2018-09-10 21:08:39,658 -[44]|INFO|[VTools]-[247] - 插入操作本次字典: {apply_no=apply_no, is_admit=r.admit, refuse_code=r.refuseCode, refuse_msg=r.refuseMsg, credit_amt=r.creditAmt, credit_rate=r.creditRate, create_date=myTime, update_date=myTime}
2018-09-10 21:08:39,658 -[44]|INFO|[VTools]-[249] - 插入操作全局字典: null
2018-09-10 21:08:39,664 -[44]|INFO|[DbUtil]-[255] - insert SQL:insert into abs_loan_quoto(end_date,quota_status,frz_flag,refuse_msg,credit_rate,create_by,rate_quota,sys_company_code,risk_rating,refuse_code,solvency_ratings,used_quota,platform_admit,awark_quota,create_date,update_by,start_date,credit_amt,spare_quota,prod_no,apply_no,frz_quota,is_admit,clear_date,platform_access,platform_refuse_reason,change_result_reason,update_date,credit_no,proj_no,ack_msg,platform_rate,is_agree) values(?,?,?,?,?,?,?,?,?,?,?,?,?,?,?,?,?,?,?,?,?,?,?,?,?,?,?,?,?,?,?,?,?)
2018-09-10 21:08:39,665 -[44]|INFO|[DbUtil]-[266] -  SQL值为：[end_date -> null, quota_status -> null, frz_flag -> null, refuse_msg -> null, credit_rate -> null, create_by -> null, rate_quota -> null, sys_company_code -> null, risk_rating -> null, refuse_code -> null, solvency_ratings -> null, used_quota -> null, platform_admit -> null, awark_quota -> null, create_date -> null, update_by -> null, start_date -> null, credit_amt -> null, spare_quota -> null, prod_no -> null, apply_no -> null, frz_quota -> null, is_admit -> null, clear_date -> null, platform_access -> null, platform_refuse_reason -> null, change_result_reason -> null, update_date -> null, credit_no -> null, proj_no -> null, ack_msg -> null, platform_rate -> null, is_agree -> null]
2018-09-10 21:08:39,668 -[44]|INFO|[DbUtil]-[89] - 查询出错:com.mysql.jdbc.exceptions.jdbc4.MySQLIntegrityConstraintViolationException: Column 'sys_company_code' cannot be null
2018-09-10 21:08:39,669 -[44]|INFO|[VTools]-[240] - 插入表达式：abs_model_result[id]{ pre_pact_no: t.abs_cust_info_mayi.apply_no, total_score:r.totalScore , pact_no:'0', reject_reason:r.reason, model_invoke_reason:isPassed,create_date:myTime)
2018-09-10 21:08:39,669 -[44]|INFO|[VTools]-[247] - 插入操作本次字典: {pre_pact_no=t.abs_cust_info_mayi.apply_no, total_score=r.totalScore, pact_no='0', reject_reason=r.reason, model_invoke_reason=isPassed, create_date=myTime}
2018-09-10 21:08:39,669 -[44]|INFO|[VTools]-[249] - 插入操作全局字典: null
2018-09-10 21:08:39,674 -[44]|INFO|[DbUtil]-[255] - insert SQL:insert into abs_model_result(reject_reason,type,default_ratio,update_date,model_controt_id,sys_source,create_by,proj_no,model_name,pact_no,trim_score,final_proposal,pre_pact_no,total_score,ranking,model_invoke_reason,create_date,update_by) values(?,?,?,?,?,?,?,?,?,?,?,?,?,?,?,?,?,?)
2018-09-10 21:08:39,674 -[44]|INFO|[DbUtil]-[266] -  SQL值为：[reject_reason -> null, type -> null, default_ratio -> null, update_date -> null, model_controt_id -> null, sys_source -> null, create_by -> null, proj_no -> null, model_name -> null, pact_no -> 0, trim_score -> null, final_proposal -> null, pre_pact_no -> null, total_score -> null, ranking -> null, model_invoke_reason -> null, create_date -> null, update_by -> null]
2018-09-10 21:08:39,676 -[44]|INFO|[DbUtil]-[89] - 查询出错:com.mysql.jdbc.exceptions.jdbc4.MySQLIntegrityConstraintViolationException: Column 'proj_no' cannot be null
2018-09-10 21:08:39,677 -[44]|INFO|[VTools]-[240] - 插入表达式：ShouXinRiZhi[id]{RenWuMingCheng:当前任务,JieShuShiJian:sysdate,InsertTime:sysdate,UpdateTime:myTime)
2018-09-10 21:08:39,677 -[44]|INFO|[VTools]-[247] - 插入操作本次字典: {RenWuMingCheng=当前任务, JieShuShiJian=sysdate, InsertTime=sysdate, UpdateTime=myTime}
2018-09-10 21:08:39,677 -[44]|INFO|[VTools]-[249] - 插入操作全局字典: null
2018-09-10 21:08:39,686 -[44]|INFO|[DbUtil]-[255] - insert SQL:insert into ShouXinRiZhi(JieShuShiJian,UserName,ShouXinDanHao,FaSongBaoWen,ChanPinMingCheng,XianChengMing,JieShouBaoWen,FanHuiMa,InsertTime,ZhuangTai,RenWuMingCheng,UpdateTime,ZhengJianHaoMa,XiangMuBianHao,ShiFouJiXu,KaiShiShiJian) values(?,?,?,?,?,?,?,?,?,?,?,?,?,?,?,?)
2018-09-10 21:08:39,687 -[44]|INFO|[DbUtil]-[266] -  SQL值为：[JieShuShiJian -> 2018-09-10 21:08:39 677, UserName -> admin, ShouXinDanHao -> null, FaSongBaoWen -> null, ChanPinMingCheng -> null, XianChengMing -> false, JieShouBaoWen -> null, FanHuiMa -> null, InsertTime -> 2018-09-10 21:08:39 677, ZhuangTai -> 0, RenWuMingCheng -> null, UpdateTime -> null, ZhengJianHaoMa -> null, XiangMuBianHao -> null, ShiFouJiXu -> 调用数据源成功，感谢使用！, KaiShiShiJian -> 2018-09-10 21:08:39 334]
2018-09-10 21:08:39,697 -[44]|INFO|[VTools]-[141] - 发送OTS结束
2018-09-10 21:08:39,700 -[44]|INFO|[VTools]-[141] -  10. ======= 发送OTS end ==========
2018-09-10 21:08:39,700 -[44]|INFO|[Consumer]-[103] - Consumer ==end== 201807051092538
